<?xml version="1.0" encoding="UTF-8"?>
<!-- Generated by org.testng.reporters.JUnitXMLReporter -->
<testsuite hostname="LAPTOP-7MH8S9EP" ignored="0" name="Default test" tests="4" failures="0" timestamp="14 Oct 2020 15:40:11 GMT" time="58.188" errors="0">
  <testcase name="TC_01_register" time="11.933" classname="b003_Textbox_textarea.Create_login_edit"/>
  <testcase name="TC_02_login" time="6.697" classname="b003_Textbox_textarea.Create_login_edit"/>
  <testcase name="TC_03_create_customer" time="11.567" classname="b003_Textbox_textarea.Create_login_edit"/>
  <testcase name="TC_04_edit_customer" time="16.286" classname="b003_Textbox_textarea.Create_login_edit"/>
</testsuite> <!-- Default test -->
