<?xml version="1.0" encoding="UTF-8"?>
<testng-results skipped="0" failed="0" ignored="0" total="1" passed="1">
  <reporter-output>
  </reporter-output>
  <suite name="Default suite" duration-ms="30638" started-at="2020-12-22T07:40:35Z" finished-at="2020-12-22T07:41:06Z">
    <groups>
    </groups>
    <test name="Default test" duration-ms="30638" started-at="2020-12-22T07:40:35Z" finished-at="2020-12-22T07:41:06Z">
      <class name="b015_Upload_Senkey_AutoIT.Upload_Senkey_AutoIT">
        <test-method status="PASS" signature="beforeClass()[pri:0, instance:b015_Upload_Senkey_AutoIT.Upload_Senkey_AutoIT@5419f379]" name="beforeClass" is-config="true" duration-ms="5603" started-at="2020-12-22T07:40:35Z" finished-at="2020-12-22T07:40:41Z">
          <reporter-output>
          </reporter-output>
        </test-method> <!-- beforeClass -->
        <test-method status="PASS" signature="TC_02_Upload_Gofile()[pri:0, instance:b015_Upload_Senkey_AutoIT.Upload_Senkey_AutoIT@5419f379]" name="TC_02_Upload_Gofile" duration-ms="25020" started-at="2020-12-22T07:40:41Z" finished-at="2020-12-22T07:41:06Z">
          <reporter-output>
          </reporter-output>
        </test-method> <!-- TC_02_Upload_Gofile -->
        <test-method status="PASS" signature="afterClass()[pri:0, instance:b015_Upload_Senkey_AutoIT.Upload_Senkey_AutoIT@5419f379]" name="afterClass" is-config="true" duration-ms="0" started-at="2020-12-22T07:41:06Z" finished-at="2020-12-22T07:41:06Z">
          <reporter-output>
          </reporter-output>
        </test-method> <!-- afterClass -->
      </class> <!-- b015_Upload_Senkey_AutoIT.Upload_Senkey_AutoIT -->
    </test> <!-- Default test -->
  </suite> <!-- Default suite -->
</testng-results>
