<?xml version="1.0" encoding="UTF-8"?>
<testng-results skipped="0" failed="0" ignored="0" total="1" passed="1">
  <reporter-output>
  </reporter-output>
  <suite name="Default suite" duration-ms="12598" started-at="2020-09-28T13:33:38Z" finished-at="2020-09-28T13:33:50Z">
    <groups>
    </groups>
    <test name="Default test" duration-ms="12598" started-at="2020-09-28T13:33:38Z" finished-at="2020-09-28T13:33:50Z">
      <class name="b003_Textbox_textarea.TC_01">
        <test-method status="PASS" signature="beforeTest()[pri:0, instance:b003_Textbox_textarea.TC_01@62ee68d8]" name="beforeTest" is-config="true" duration-ms="11936" started-at="2020-09-28T13:33:38Z" finished-at="2020-09-28T13:33:50Z">
          <reporter-output>
          </reporter-output>
        </test-method> <!-- beforeTest -->
        <test-method status="PASS" signature="f()[pri:0, instance:b003_Textbox_textarea.TC_01@62ee68d8]" name="f" duration-ms="651" started-at="2020-09-28T13:33:50Z" finished-at="2020-09-28T13:33:50Z">
          <reporter-output>
          </reporter-output>
        </test-method> <!-- f -->
        <test-method status="PASS" signature="afterTest()[pri:0, instance:b003_Textbox_textarea.TC_01@62ee68d8]" name="afterTest" is-config="true" duration-ms="0" started-at="2020-09-28T13:33:50Z" finished-at="2020-09-28T13:33:50Z">
          <reporter-output>
          </reporter-output>
        </test-method> <!-- afterTest -->
      </class> <!-- b003_Textbox_textarea.TC_01 -->
    </test> <!-- Default test -->
  </suite> <!-- Default suite -->
</testng-results>
