<?xml version="1.0" encoding="UTF-8"?>
<testng-results skipped="0" failed="0" ignored="0" total="5" passed="5">
  <reporter-output>
  </reporter-output>
  <suite name="Default suite" duration-ms="65352" started-at="2020-10-17T07:01:24Z" finished-at="2020-10-17T07:02:29Z">
    <groups>
    </groups>
    <test name="Default test" duration-ms="65352" started-at="2020-10-17T07:01:24Z" finished-at="2020-10-17T07:02:29Z">
      <class name="b006_webbrower_element.Webelement">
        <test-method status="PASS" signature="beforeClass()[pri:0, instance:b006_webbrower_element.Webelement@6767c1fc]" name="beforeClass" is-config="true" duration-ms="5774" started-at="2020-10-17T07:01:24Z" finished-at="2020-10-17T07:01:30Z">
          <reporter-output>
          </reporter-output>
        </test-method> <!-- beforeClass -->
        <test-method status="PASS" signature="TC_01_Element_display()[pri:0, instance:b006_webbrower_element.Webelement@6767c1fc]" name="TC_01_Element_display" duration-ms="36080" started-at="2020-10-17T07:01:30Z" finished-at="2020-10-17T07:02:06Z">
          <reporter-output>
          </reporter-output>
        </test-method> <!-- TC_01_Element_display -->
        <test-method status="PASS" signature="TC_02_Element_Displayed()[pri:0, instance:b006_webbrower_element.Webelement@6767c1fc]" name="TC_02_Element_Displayed" duration-ms="1194" started-at="2020-10-17T07:02:06Z" finished-at="2020-10-17T07:02:07Z">
          <reporter-output>
          </reporter-output>
        </test-method> <!-- TC_02_Element_Displayed -->
        <test-method status="PASS" signature="TC_03_Element_Enabled()[pri:0, instance:b006_webbrower_element.Webelement@6767c1fc]" name="TC_03_Element_Enabled" duration-ms="687" started-at="2020-10-17T07:02:07Z" finished-at="2020-10-17T07:02:08Z">
          <reporter-output>
          </reporter-output>
        </test-method> <!-- TC_03_Element_Enabled -->
        <test-method status="PASS" signature="TC_04_Selected()[pri:0, instance:b006_webbrower_element.Webelement@6767c1fc]" name="TC_04_Selected" duration-ms="5096" started-at="2020-10-17T07:02:08Z" finished-at="2020-10-17T07:02:13Z">
          <reporter-output>
          </reporter-output>
        </test-method> <!-- TC_04_Selected -->
        <test-method status="PASS" signature="TC_05_Register()[pri:0, instance:b006_webbrower_element.Webelement@6767c1fc]" name="TC_05_Register" duration-ms="15880" started-at="2020-10-17T07:02:13Z" finished-at="2020-10-17T07:02:29Z">
          <reporter-output>
          </reporter-output>
        </test-method> <!-- TC_05_Register -->
        <test-method status="PASS" signature="afterClasss()[pri:0, instance:b006_webbrower_element.Webelement@6767c1fc]" name="afterClasss" is-config="true" duration-ms="625" started-at="2020-10-17T07:02:29Z" finished-at="2020-10-17T07:02:29Z">
          <reporter-output>
          </reporter-output>
        </test-method> <!-- afterClasss -->
      </class> <!-- b006_webbrower_element.Webelement -->
    </test> <!-- Default test -->
  </suite> <!-- Default suite -->
</testng-results>
