<?xml version="1.0" encoding="UTF-8"?>
<testng-results skipped="1" failed="0" ignored="0" total="1" passed="0">
  <reporter-output>
  </reporter-output>
  <suite name="Default suite" duration-ms="1740" started-at="2020-11-27T10:19:04Z" finished-at="2020-11-27T10:19:05Z">
    <groups>
    </groups>
    <test name="Default test" duration-ms="1740" started-at="2020-11-27T10:19:04Z" finished-at="2020-11-27T10:19:05Z">
      <class name="b012_iframe_frame_window.iframe_frame_window">
        <test-method status="FAIL" signature="beforeClass()[pri:0, instance:b012_iframe_frame_window.iframe_frame_window@5419f379]" name="beforeClass" is-config="true" duration-ms="1714" started-at="2020-11-27T10:19:04Z" finished-at="2020-11-27T10:19:05Z">
          <exception class="org.openqa.selenium.SessionNotCreatedException">
            <message>
              <![CDATA[session not created: This version of ChromeDriver only supports Chrome version 85
Build info: version: '3.141.59', revision: 'e82be7d358', time: '2018-11-14T08:25:53'
System info: host: 'LAPTOP-7MH8S9EP', ip: '192.168.1.100', os.name: 'Windows 10', os.arch: 'amd64', os.version: '10.0', java.version: '1.8.0_261'
Driver info: driver.version: ChromeDriver
remote stacktrace: Backtrace:
Ordinal0 [0x006ED383+3134339]
Ordinal0 [0x005DA171+2007409]
Ordinal0 [0x0047AEE8+569064]
Ordinal0 [0x0040139F+70559]
Ordinal0 [0x003FCC63+52323]
Ordinal0 [0x00420DFC+200188]
Ordinal0 [0x00420C1D+199709]
Ordinal0 [0x0041EB0B+191243]
Ordinal0 [0x00402E77+77431]
Ordinal0 [0x00403E3E+81470]
Ordinal0 [0x00403DC9+81353]
Ordinal0 [0x005F0CD9+2100441]
GetHandleVerifier [0x0085B75A+1396954]
GetHandleVerifier [0x0085B3D9+1396057]
GetHandleVerifier [0x00867126+1444518]
GetHandleVerifier [0x0085BCE8+1398376]
Ordinal0 [0x005E7F51+2064209]
Ordinal0 [0x005F22EB+2106091]
Ordinal0 [0x005F2411+2106385]
Ordinal0 [0x006049C4+2181572]
BaseThreadInitThunk [0x76AC6359+25]
RtlGetAppContainerNamedObjectPath [0x77068944+228]
RtlGetAppContainerNamedObjectPath [0x77068914+180]
]]>
            </message>
            <full-stacktrace>
              <![CDATA[org.openqa.selenium.SessionNotCreatedException: session not created: This version of ChromeDriver only supports Chrome version 85
Build info: version: '3.141.59', revision: 'e82be7d358', time: '2018-11-14T08:25:53'
System info: host: 'LAPTOP-7MH8S9EP', ip: '192.168.1.100', os.name: 'Windows 10', os.arch: 'amd64', os.version: '10.0', java.version: '1.8.0_261'
Driver info: driver.version: ChromeDriver
remote stacktrace: Backtrace:
Ordinal0 [0x006ED383+3134339]
Ordinal0 [0x005DA171+2007409]
Ordinal0 [0x0047AEE8+569064]
Ordinal0 [0x0040139F+70559]
Ordinal0 [0x003FCC63+52323]
Ordinal0 [0x00420DFC+200188]
Ordinal0 [0x00420C1D+199709]
Ordinal0 [0x0041EB0B+191243]
Ordinal0 [0x00402E77+77431]
Ordinal0 [0x00403E3E+81470]
Ordinal0 [0x00403DC9+81353]
Ordinal0 [0x005F0CD9+2100441]
GetHandleVerifier [0x0085B75A+1396954]
GetHandleVerifier [0x0085B3D9+1396057]
GetHandleVerifier [0x00867126+1444518]
GetHandleVerifier [0x0085BCE8+1398376]
Ordinal0 [0x005E7F51+2064209]
Ordinal0 [0x005F22EB+2106091]
Ordinal0 [0x005F2411+2106385]
Ordinal0 [0x006049C4+2181572]
BaseThreadInitThunk [0x76AC6359+25]
RtlGetAppContainerNamedObjectPath [0x77068944+228]
RtlGetAppContainerNamedObjectPath [0x77068914+180]

at sun.reflect.NativeConstructorAccessorImpl.newInstance0(Native Method)
at sun.reflect.NativeConstructorAccessorImpl.newInstance(Unknown Source)
at sun.reflect.DelegatingConstructorAccessorImpl.newInstance(Unknown Source)
at java.lang.reflect.Constructor.newInstance(Unknown Source)
at org.openqa.selenium.remote.W3CHandshakeResponse.lambda$errorHandler$0(W3CHandshakeResponse.java:62)
at org.openqa.selenium.remote.HandshakeResponse.lambda$getResponseFunction$0(HandshakeResponse.java:30)
at org.openqa.selenium.remote.ProtocolHandshake.lambda$createSession$0(ProtocolHandshake.java:126)
at java.util.stream.ReferencePipeline$3$1.accept(Unknown Source)
at java.util.Spliterators$ArraySpliterator.tryAdvance(Unknown Source)
at java.util.stream.ReferencePipeline.forEachWithCancel(Unknown Source)
at java.util.stream.AbstractPipeline.copyIntoWithCancel(Unknown Source)
at java.util.stream.AbstractPipeline.copyInto(Unknown Source)
at java.util.stream.AbstractPipeline.wrapAndCopyInto(Unknown Source)
at java.util.stream.FindOps$FindOp.evaluateSequential(Unknown Source)
at java.util.stream.AbstractPipeline.evaluate(Unknown Source)
at java.util.stream.ReferencePipeline.findFirst(Unknown Source)
at org.openqa.selenium.remote.ProtocolHandshake.createSession(ProtocolHandshake.java:128)
at org.openqa.selenium.remote.ProtocolHandshake.createSession(ProtocolHandshake.java:74)
at org.openqa.selenium.remote.HttpCommandExecutor.execute(HttpCommandExecutor.java:136)
at org.openqa.selenium.remote.service.DriverCommandExecutor.execute(DriverCommandExecutor.java:83)
at org.openqa.selenium.remote.RemoteWebDriver.execute(RemoteWebDriver.java:552)
at org.openqa.selenium.remote.RemoteWebDriver.startSession(RemoteWebDriver.java:213)
at org.openqa.selenium.remote.RemoteWebDriver.<init>(RemoteWebDriver.java:131)
at org.openqa.selenium.chrome.ChromeDriver.<init>(ChromeDriver.java:181)
at org.openqa.selenium.chrome.ChromeDriver.<init>(ChromeDriver.java:168)
at org.openqa.selenium.chrome.ChromeDriver.<init>(ChromeDriver.java:123)
at b012_iframe_frame_window.iframe_frame_window.beforeClass(iframe_frame_window.java:25)
at sun.reflect.NativeMethodAccessorImpl.invoke0(Native Method)
at sun.reflect.NativeMethodAccessorImpl.invoke(Unknown Source)
at sun.reflect.DelegatingMethodAccessorImpl.invoke(Unknown Source)
at java.lang.reflect.Method.invoke(Unknown Source)
at org.testng.internal.MethodInvocationHelper.invokeMethod(MethodInvocationHelper.java:124)
at org.testng.internal.MethodInvocationHelper.invokeMethodConsideringTimeout(MethodInvocationHelper.java:59)
at org.testng.internal.Invoker.invokeConfigurationMethod(Invoker.java:458)
at org.testng.internal.Invoker.invokeConfigurations(Invoker.java:222)
at org.testng.internal.Invoker.invokeConfigurations(Invoker.java:142)
at org.testng.internal.TestMethodWorker.invokeBeforeClassMethods(TestMethodWorker.java:168)
at org.testng.internal.TestMethodWorker.run(TestMethodWorker.java:105)
at org.testng.TestRunner.privateRun(TestRunner.java:648)
at org.testng.TestRunner.run(TestRunner.java:505)
at org.testng.SuiteRunner.runTest(SuiteRunner.java:455)
at org.testng.SuiteRunner.runSequentially(SuiteRunner.java:450)
at org.testng.SuiteRunner.privateRun(SuiteRunner.java:415)
at org.testng.SuiteRunner.run(SuiteRunner.java:364)
at org.testng.SuiteRunnerWorker.runSuite(SuiteRunnerWorker.java:52)
at org.testng.SuiteRunnerWorker.run(SuiteRunnerWorker.java:84)
at org.testng.TestNG.runSuitesSequentially(TestNG.java:1208)
at org.testng.TestNG.runSuitesLocally(TestNG.java:1137)
at org.testng.TestNG.runSuites(TestNG.java:1049)
at org.testng.TestNG.run(TestNG.java:1017)
at org.testng.remote.AbstractRemoteTestNG.run(AbstractRemoteTestNG.java:115)
at org.testng.remote.RemoteTestNG.initAndRun(RemoteTestNG.java:251)
at org.testng.remote.RemoteTestNG.main(RemoteTestNG.java:77)
]]>
            </full-stacktrace>
          </exception> <!-- org.openqa.selenium.SessionNotCreatedException -->
          <reporter-output>
          </reporter-output>
        </test-method> <!-- beforeClass -->
        <test-method status="SKIP" signature="TC_02_Window_Tab()[pri:0, instance:b012_iframe_frame_window.iframe_frame_window@5419f379]" name="TC_02_Window_Tab" duration-ms="0" started-at="2020-11-27T10:19:05Z" finished-at="2020-11-27T10:19:05Z">
          <exception class="org.openqa.selenium.SessionNotCreatedException">
            <message>
              <![CDATA[session not created: This version of ChromeDriver only supports Chrome version 85
Build info: version: '3.141.59', revision: 'e82be7d358', time: '2018-11-14T08:25:53'
System info: host: 'LAPTOP-7MH8S9EP', ip: '192.168.1.100', os.name: 'Windows 10', os.arch: 'amd64', os.version: '10.0', java.version: '1.8.0_261'
Driver info: driver.version: ChromeDriver
remote stacktrace: Backtrace:
Ordinal0 [0x006ED383+3134339]
Ordinal0 [0x005DA171+2007409]
Ordinal0 [0x0047AEE8+569064]
Ordinal0 [0x0040139F+70559]
Ordinal0 [0x003FCC63+52323]
Ordinal0 [0x00420DFC+200188]
Ordinal0 [0x00420C1D+199709]
Ordinal0 [0x0041EB0B+191243]
Ordinal0 [0x00402E77+77431]
Ordinal0 [0x00403E3E+81470]
Ordinal0 [0x00403DC9+81353]
Ordinal0 [0x005F0CD9+2100441]
GetHandleVerifier [0x0085B75A+1396954]
GetHandleVerifier [0x0085B3D9+1396057]
GetHandleVerifier [0x00867126+1444518]
GetHandleVerifier [0x0085BCE8+1398376]
Ordinal0 [0x005E7F51+2064209]
Ordinal0 [0x005F22EB+2106091]
Ordinal0 [0x005F2411+2106385]
Ordinal0 [0x006049C4+2181572]
BaseThreadInitThunk [0x76AC6359+25]
RtlGetAppContainerNamedObjectPath [0x77068944+228]
RtlGetAppContainerNamedObjectPath [0x77068914+180]
]]>
            </message>
            <full-stacktrace>
              <![CDATA[org.openqa.selenium.SessionNotCreatedException: session not created: This version of ChromeDriver only supports Chrome version 85
Build info: version: '3.141.59', revision: 'e82be7d358', time: '2018-11-14T08:25:53'
System info: host: 'LAPTOP-7MH8S9EP', ip: '192.168.1.100', os.name: 'Windows 10', os.arch: 'amd64', os.version: '10.0', java.version: '1.8.0_261'
Driver info: driver.version: ChromeDriver
remote stacktrace: Backtrace:
Ordinal0 [0x006ED383+3134339]
Ordinal0 [0x005DA171+2007409]
Ordinal0 [0x0047AEE8+569064]
Ordinal0 [0x0040139F+70559]
Ordinal0 [0x003FCC63+52323]
Ordinal0 [0x00420DFC+200188]
Ordinal0 [0x00420C1D+199709]
Ordinal0 [0x0041EB0B+191243]
Ordinal0 [0x00402E77+77431]
Ordinal0 [0x00403E3E+81470]
Ordinal0 [0x00403DC9+81353]
Ordinal0 [0x005F0CD9+2100441]
GetHandleVerifier [0x0085B75A+1396954]
GetHandleVerifier [0x0085B3D9+1396057]
GetHandleVerifier [0x00867126+1444518]
GetHandleVerifier [0x0085BCE8+1398376]
Ordinal0 [0x005E7F51+2064209]
Ordinal0 [0x005F22EB+2106091]
Ordinal0 [0x005F2411+2106385]
Ordinal0 [0x006049C4+2181572]
BaseThreadInitThunk [0x76AC6359+25]
RtlGetAppContainerNamedObjectPath [0x77068944+228]
RtlGetAppContainerNamedObjectPath [0x77068914+180]

at sun.reflect.NativeConstructorAccessorImpl.newInstance0(Native Method)
at sun.reflect.NativeConstructorAccessorImpl.newInstance(Unknown Source)
at sun.reflect.DelegatingConstructorAccessorImpl.newInstance(Unknown Source)
at java.lang.reflect.Constructor.newInstance(Unknown Source)
at org.openqa.selenium.remote.W3CHandshakeResponse.lambda$errorHandler$0(W3CHandshakeResponse.java:62)
at org.openqa.selenium.remote.HandshakeResponse.lambda$getResponseFunction$0(HandshakeResponse.java:30)
at org.openqa.selenium.remote.ProtocolHandshake.lambda$createSession$0(ProtocolHandshake.java:126)
at java.util.stream.ReferencePipeline$3$1.accept(Unknown Source)
at java.util.Spliterators$ArraySpliterator.tryAdvance(Unknown Source)
at java.util.stream.ReferencePipeline.forEachWithCancel(Unknown Source)
at java.util.stream.AbstractPipeline.copyIntoWithCancel(Unknown Source)
at java.util.stream.AbstractPipeline.copyInto(Unknown Source)
at java.util.stream.AbstractPipeline.wrapAndCopyInto(Unknown Source)
at java.util.stream.FindOps$FindOp.evaluateSequential(Unknown Source)
at java.util.stream.AbstractPipeline.evaluate(Unknown Source)
at java.util.stream.ReferencePipeline.findFirst(Unknown Source)
at org.openqa.selenium.remote.ProtocolHandshake.createSession(ProtocolHandshake.java:128)
at org.openqa.selenium.remote.ProtocolHandshake.createSession(ProtocolHandshake.java:74)
at org.openqa.selenium.remote.HttpCommandExecutor.execute(HttpCommandExecutor.java:136)
at org.openqa.selenium.remote.service.DriverCommandExecutor.execute(DriverCommandExecutor.java:83)
at org.openqa.selenium.remote.RemoteWebDriver.execute(RemoteWebDriver.java:552)
at org.openqa.selenium.remote.RemoteWebDriver.startSession(RemoteWebDriver.java:213)
at org.openqa.selenium.remote.RemoteWebDriver.<init>(RemoteWebDriver.java:131)
at org.openqa.selenium.chrome.ChromeDriver.<init>(ChromeDriver.java:181)
at org.openqa.selenium.chrome.ChromeDriver.<init>(ChromeDriver.java:168)
at org.openqa.selenium.chrome.ChromeDriver.<init>(ChromeDriver.java:123)
at b012_iframe_frame_window.iframe_frame_window.beforeClass(iframe_frame_window.java:25)
at sun.reflect.NativeMethodAccessorImpl.invoke0(Native Method)
at sun.reflect.NativeMethodAccessorImpl.invoke(Unknown Source)
at sun.reflect.DelegatingMethodAccessorImpl.invoke(Unknown Source)
at java.lang.reflect.Method.invoke(Unknown Source)
at org.testng.internal.MethodInvocationHelper.invokeMethod(MethodInvocationHelper.java:124)
at org.testng.internal.MethodInvocationHelper.invokeMethodConsideringTimeout(MethodInvocationHelper.java:59)
at org.testng.internal.Invoker.invokeConfigurationMethod(Invoker.java:458)
at org.testng.internal.Invoker.invokeConfigurations(Invoker.java:222)
at org.testng.internal.Invoker.invokeConfigurations(Invoker.java:142)
at org.testng.internal.TestMethodWorker.invokeBeforeClassMethods(TestMethodWorker.java:168)
at org.testng.internal.TestMethodWorker.run(TestMethodWorker.java:105)
at org.testng.TestRunner.privateRun(TestRunner.java:648)
at org.testng.TestRunner.run(TestRunner.java:505)
at org.testng.SuiteRunner.runTest(SuiteRunner.java:455)
at org.testng.SuiteRunner.runSequentially(SuiteRunner.java:450)
at org.testng.SuiteRunner.privateRun(SuiteRunner.java:415)
at org.testng.SuiteRunner.run(SuiteRunner.java:364)
at org.testng.SuiteRunnerWorker.runSuite(SuiteRunnerWorker.java:52)
at org.testng.SuiteRunnerWorker.run(SuiteRunnerWorker.java:84)
at org.testng.TestNG.runSuitesSequentially(TestNG.java:1208)
at org.testng.TestNG.runSuitesLocally(TestNG.java:1137)
at org.testng.TestNG.runSuites(TestNG.java:1049)
at org.testng.TestNG.run(TestNG.java:1017)
at org.testng.remote.AbstractRemoteTestNG.run(AbstractRemoteTestNG.java:115)
at org.testng.remote.RemoteTestNG.initAndRun(RemoteTestNG.java:251)
at org.testng.remote.RemoteTestNG.main(RemoteTestNG.java:77)
]]>
            </full-stacktrace>
          </exception> <!-- org.openqa.selenium.SessionNotCreatedException -->
          <reporter-output>
          </reporter-output>
        </test-method> <!-- TC_02_Window_Tab -->
        <test-method status="SKIP" signature="afterClass()[pri:0, instance:b012_iframe_frame_window.iframe_frame_window@5419f379]" name="afterClass" is-config="true" duration-ms="0" started-at="2020-11-27T10:19:05Z" finished-at="2020-11-27T10:19:05Z">
          <reporter-output>
          </reporter-output>
        </test-method> <!-- afterClass -->
      </class> <!-- b012_iframe_frame_window.iframe_frame_window -->
    </test> <!-- Default test -->
  </suite> <!-- Default suite -->
</testng-results>
