<?xml version="1.0" encoding="UTF-8"?>
<testng-results skipped="0" failed="0" ignored="0" total="7" passed="7">
  <reporter-output>
  </reporter-output>
  <suite name="Default suite" duration-ms="62598" started-at="2020-11-13T14:15:45Z" finished-at="2020-11-13T14:16:48Z">
    <groups>
    </groups>
    <test name="Default test" duration-ms="62598" started-at="2020-11-13T14:15:45Z" finished-at="2020-11-13T14:16:48Z">
      <class name="b010_user_interactions.Interactions">
        <test-method status="PASS" signature="beforeClass()[pri:0, instance:b010_user_interactions.Interactions@5419f379]" name="beforeClass" is-config="true" duration-ms="6463" started-at="2020-11-13T14:15:45Z" finished-at="2020-11-13T14:15:52Z">
          <reporter-output>
          </reporter-output>
        </test-method> <!-- beforeClass -->
        <test-method status="PASS" signature="TC01_hover()[pri:0, instance:b010_user_interactions.Interactions@5419f379]" name="TC01_hover" duration-ms="9569" started-at="2020-11-13T14:15:52Z" finished-at="2020-11-13T14:16:01Z">
          <reporter-output>
          </reporter-output>
        </test-method> <!-- TC01_hover -->
        <test-method status="PASS" signature="TC03_click_hover()[pri:0, instance:b010_user_interactions.Interactions@5419f379]" name="TC03_click_hover" duration-ms="9673" started-at="2020-11-13T14:16:01Z" finished-at="2020-11-13T14:16:11Z">
          <reporter-output>
          </reporter-output>
        </test-method> <!-- TC03_click_hover -->
        <test-method status="PASS" signature="TC04_doubleclick()[pri:0, instance:b010_user_interactions.Interactions@5419f379]" name="TC04_doubleclick" duration-ms="30580" started-at="2020-11-13T14:16:11Z" finished-at="2020-11-13T14:16:42Z">
          <reporter-output>
          </reporter-output>
        </test-method> <!-- TC04_doubleclick -->
        <test-method status="PASS" signature="TC04_hover()[pri:0, instance:b010_user_interactions.Interactions@5419f379]" name="TC04_hover" duration-ms="1" started-at="2020-11-13T14:16:42Z" finished-at="2020-11-13T14:16:42Z">
          <reporter-output>
          </reporter-output>
        </test-method> <!-- TC04_hover -->
        <test-method status="PASS" signature="TC05_hover()[pri:0, instance:b010_user_interactions.Interactions@5419f379]" name="TC05_hover" duration-ms="0" started-at="2020-11-13T14:16:42Z" finished-at="2020-11-13T14:16:42Z">
          <reporter-output>
          </reporter-output>
        </test-method> <!-- TC05_hover -->
        <test-method status="PASS" signature="TC06_hover()[pri:0, instance:b010_user_interactions.Interactions@5419f379]" name="TC06_hover" duration-ms="4" started-at="2020-11-13T14:16:42Z" finished-at="2020-11-13T14:16:42Z">
          <reporter-output>
          </reporter-output>
        </test-method> <!-- TC06_hover -->
        <test-method status="PASS" signature="TC_02_Hover_Mouse()[pri:0, instance:b010_user_interactions.Interactions@5419f379]" name="TC_02_Hover_Mouse" duration-ms="6266" started-at="2020-11-13T14:16:42Z" finished-at="2020-11-13T14:16:48Z">
          <reporter-output>
          </reporter-output>
        </test-method> <!-- TC_02_Hover_Mouse -->
        <test-method status="PASS" signature="afterClass()[pri:0, instance:b010_user_interactions.Interactions@5419f379]" name="afterClass" is-config="true" duration-ms="0" started-at="2020-11-13T14:16:48Z" finished-at="2020-11-13T14:16:48Z">
          <reporter-output>
          </reporter-output>
        </test-method> <!-- afterClass -->
      </class> <!-- b010_user_interactions.Interactions -->
    </test> <!-- Default test -->
  </suite> <!-- Default suite -->
</testng-results>
