<?xml version="1.0" encoding="UTF-8"?>
<testng-results skipped="0" failed="0" ignored="0" total="4" passed="4">
  <reporter-output>
  </reporter-output>
  <suite name="Default suite" duration-ms="58188" started-at="2020-10-14T15:39:13Z" finished-at="2020-10-14T15:40:11Z">
    <groups>
    </groups>
    <test name="Default test" duration-ms="58188" started-at="2020-10-14T15:39:13Z" finished-at="2020-10-14T15:40:11Z">
      <class name="b003_Textbox_textarea.Create_login_edit">
        <test-method status="PASS" signature="beforeClass()[pri:0, instance:b003_Textbox_textarea.Create_login_edit@5c7fa833]" name="beforeClass" is-config="true" duration-ms="11672" started-at="2020-10-14T15:39:13Z" finished-at="2020-10-14T15:39:25Z">
          <reporter-output>
          </reporter-output>
        </test-method> <!-- beforeClass -->
        <test-method status="PASS" signature="TC_01_register()[pri:0, instance:b003_Textbox_textarea.Create_login_edit@5c7fa833]" name="TC_01_register" duration-ms="11933" started-at="2020-10-14T15:39:25Z" finished-at="2020-10-14T15:39:37Z">
          <reporter-output>
          </reporter-output>
        </test-method> <!-- TC_01_register -->
        <test-method status="PASS" signature="TC_02_login()[pri:0, instance:b003_Textbox_textarea.Create_login_edit@5c7fa833]" name="TC_02_login" duration-ms="6697" started-at="2020-10-14T15:39:37Z" finished-at="2020-10-14T15:39:44Z">
          <reporter-output>
          </reporter-output>
        </test-method> <!-- TC_02_login -->
        <test-method status="PASS" signature="TC_03_create_customer()[pri:0, instance:b003_Textbox_textarea.Create_login_edit@5c7fa833]" name="TC_03_create_customer" duration-ms="11567" started-at="2020-10-14T15:39:44Z" finished-at="2020-10-14T15:39:55Z">
          <reporter-output>
          </reporter-output>
        </test-method> <!-- TC_03_create_customer -->
        <test-method status="PASS" signature="TC_04_edit_customer()[pri:0, instance:b003_Textbox_textarea.Create_login_edit@5c7fa833]" name="TC_04_edit_customer" duration-ms="16286" started-at="2020-10-14T15:39:55Z" finished-at="2020-10-14T15:40:11Z">
          <reporter-output>
          </reporter-output>
        </test-method> <!-- TC_04_edit_customer -->
        <test-method status="PASS" signature="afterClass()[pri:0, instance:b003_Textbox_textarea.Create_login_edit@5c7fa833]" name="afterClass" is-config="true" duration-ms="1" started-at="2020-10-14T15:40:11Z" finished-at="2020-10-14T15:40:11Z">
          <reporter-output>
          </reporter-output>
        </test-method> <!-- afterClass -->
      </class> <!-- b003_Textbox_textarea.Create_login_edit -->
    </test> <!-- Default test -->
  </suite> <!-- Default suite -->
</testng-results>
